2020-11-03 17:53:26,499-scrapy.utils.log-INFO-Scrapy 2.4.0 started (bot: postscrape)
2020-11-03 17:53:26,499-scrapy.utils.log-INFO-Versions: lxml 4.5.2.0, libxml2 2.9.10, cssselect 1.1.0, parsel 1.5.2, w3lib 1.21.0, Twisted 20.3.0, Python 3.7.9 (default, Aug 31 2020, 17:10:11) [MSC v.1916 64 bit (AMD64)], pyOpenSSL 19.1.0 (OpenSSL 1.1.1h  22 Sep 2020), cryptography 3.1.1, Platform Windows-10-10.0.18362-SP0
2020-11-03 17:53:26,499-scrapy.utils.log-DEBUG-Using reactor: twisted.internet.selectreactor.SelectReactor
2020-11-03 17:53:26,502-scrapy.crawler-INFO-Overridden settings:
{'BOT_NAME': 'postscrape',
 'FEED_EXPORT_ENCODING': 'utf-8',
 'LOG_LEVEL': 'WARNING',
 'NEWSPIDER_MODULE': 'postscrape.spiders',
 'ROBOTSTXT_OBEY': True,
 'SPIDER_MODULES': ['postscrape.spiders'],
 'USER_AGENT': 'Mozilla/5.0 (Windows NT 10.0; Win64; x64) AppleWebKit/537.36 '
               '(KHTML, like Gecko) Chrome/86.0.4240.111 Safari/537.36 '}
2020-11-03 17:53:26,511-scrapy.extensions.telnet-INFO-Telnet Password: d7289bb8d6c27f8d
2020-11-03 17:53:26,521-scrapy.middleware-INFO-Enabled extensions:
['scrapy.extensions.corestats.CoreStats',
 'scrapy.extensions.telnet.TelnetConsole',
 'scrapy.extensions.logstats.LogStats']
2020-11-03 17:53:26,709-scrapy.middleware-INFO-Enabled downloader middlewares:
['scrapy.downloadermiddlewares.robotstxt.RobotsTxtMiddleware',
 'scrapy.downloadermiddlewares.httpauth.HttpAuthMiddleware',
 'scrapy.downloadermiddlewares.downloadtimeout.DownloadTimeoutMiddleware',
 'scrapy.downloadermiddlewares.defaultheaders.DefaultHeadersMiddleware',
 'scrapy.downloadermiddlewares.useragent.UserAgentMiddleware',
 'scrapy.downloadermiddlewares.retry.RetryMiddleware',
 'scrapy.downloadermiddlewares.redirect.MetaRefreshMiddleware',
 'scrapy.downloadermiddlewares.httpcompression.HttpCompressionMiddleware',
 'scrapy.downloadermiddlewares.redirect.RedirectMiddleware',
 'scrapy.downloadermiddlewares.cookies.CookiesMiddleware',
 'scrapy.downloadermiddlewares.httpproxy.HttpProxyMiddleware',
 'scrapy.downloadermiddlewares.stats.DownloaderStats']
2020-11-03 17:53:26,711-scrapy.middleware-INFO-Enabled spider middlewares:
['scrapy.spidermiddlewares.httperror.HttpErrorMiddleware',
 'scrapy.spidermiddlewares.offsite.OffsiteMiddleware',
 'scrapy.spidermiddlewares.referer.RefererMiddleware',
 'scrapy.spidermiddlewares.urllength.UrlLengthMiddleware',
 'scrapy.spidermiddlewares.depth.DepthMiddleware']
2020-11-03 17:53:26,800-py.warnings-WARNING-D:\anaconda\envs\scrapyMobi\lib\site-packages\scrapy\pipelines\media.py:135: ScrapyDeprecationWarning: file_path(self, request, response=None, info=None) is deprecated, please use file_path(self, request, response=None, info=None, *, item=None)
  self._check_signature(func)

2020-11-03 17:53:26,801-scrapy.middleware-INFO-Enabled item pipelines:
['scrapy.pipelines.images.ImagesPipeline',
 'postscrape.pipelines.SplashPipeline',
 'postscrape.pipelines.PostscrapePipeline']
2020-11-03 17:53:26,801-scrapy.core.engine-INFO-Spider opened
2020-11-03 17:53:26,803-scrapy.extensions.logstats-INFO-Crawled 0 pages (at 0 pages/min), scraped 0 items (at 0 items/min)
2020-11-03 17:53:26,804-scrapy.extensions.telnet-INFO-Telnet console listening on 127.0.0.1:6023
2020-11-03 17:53:27,077-scrapy.core.engine-DEBUG-Crawled (200) <GET https://movie.douban.com/robots.txt> (referer: None)
2020-11-03 17:53:27,246-scrapy.core.engine-DEBUG-Crawled (200) <GET https://movie.douban.com/top250> (referer: None)
2020-11-03 17:53:27,361-scrapy.core.engine-INFO-Closing spider (finished)
2020-11-03 17:53:27,361-scrapy.statscollectors-INFO-Dumping Scrapy stats:
{'downloader/request_bytes': 620,
 'downloader/request_count': 2,
 'downloader/request_method_count/GET': 2,
 'downloader/response_bytes': 11285,
 'downloader/response_count': 2,
 'downloader/response_status_count/200': 2,
 'elapsed_time_seconds': 0.557918,
 'finish_reason': 'finished',
 'finish_time': datetime.datetime(2020, 11, 3, 9, 53, 27, 361318),
 'log_count/WARNING': 1,
 'response_received_count': 2,
 'robotstxt/request_count': 1,
 'robotstxt/response_count': 1,
 'robotstxt/response_status_count/200': 1,
 'scheduler/dequeued': 1,
 'scheduler/dequeued/memory': 1,
 'scheduler/enqueued': 1,
 'scheduler/enqueued/memory': 1,
 'start_time': datetime.datetime(2020, 11, 3, 9, 53, 26, 803400)}
2020-11-03 17:53:27,361-scrapy.core.engine-INFO-Spider closed (finished)
